<?xml version="1.0" encoding="UTF-8"?>
<!-- Generated by org.testng.reporters.JUnitReportReporter -->
<testsuite hostname="DESKTOP-TQ5Q620" failures="0" tests="3" name="Protrainingtech.scenarios.First" time="10.197" errors="0" timestamp="2021-04-18T10:28:19 EDT" skipped="0">
  <testcase classname="Protrainingtech.scenarios.First" name="f" time="3.110"/>
  <system-out/>
  <testcase classname="Protrainingtech.scenarios.First" name="f" time="4.149"/>
  <system-out/>
  <testcase classname="Protrainingtech.scenarios.First" name="f" time="2.938"/>
  <system-out/>
</testsuite> <!-- Protrainingtech.scenarios.First -->
